<?xml version="1.0" encoding="UTF-8"?>
<testsuite xmlns:xsi="http://www.w3.org/2001/XMLSchema-instance" xsi:noNamespaceSchemaLocation="https://maven.apache.org/surefire/maven-surefire-plugin/xsd/surefire-test-report.xsd" name="TestSuite" time="71.509" tests="2" errors="0" skipped="0" failures="1">
  <properties>
[...]
</properties>
  <testcase name="fillCalculatorSendEmailAndCheckSum" classname="tests.HardcoreTest" time="23.962">
    <failure message="no such element: Unable to locate element: {&quot;method&quot;:&quot;xpath&quot;,&quot;selector&quot;:&quot;//*[@class=&apos;md-select-menu-container md-active md-clickable&apos;]//*[contains(text(), &apos;Free: Debian, CentOS, CoreOS, Ubuntu, or other User Provided OS&apos;)]&quot;}&#10;  (Session info: chrome=80.0.3987.149)&#10;For documentation on this error, please visit: https://www.seleniumhq.org/exceptions/no_such_element.html&#10;Build info: version: &apos;3.141.59&apos;, revision: &apos;e82be7d358&apos;, time: &apos;2018-11-14T08:17:03&apos;&#10;System info: host: &apos;DESKTOP-KATERIN&apos;, ip: &apos;192.168.56.1&apos;, os.name: &apos;Windows 10&apos;, os.arch: &apos;amd64&apos;, os.version: &apos;10.0&apos;, java.version: &apos;1.8.0_212&apos;&#10;Driver info: org.openqa.selenium.chrome.ChromeDriver&#10;Capabilities {acceptInsecureCerts: false, browserName: chrome, browserVersion: 80.0.3987.149, chrome: {chromedriverVersion: 80.0.3987.106 (f68069574609..., userDataDir: C:\Users\37529\AppData\Loca...}, goog:chromeOptions: {debuggerAddress: localhost:61273}, javascriptEnabled: true, networkConnectionEnabled: false, pageLoadStrategy: normal, platform: WINDOWS, platformName: WINDOWS, proxy: Proxy(), setWindowRect: true, strictFileInteractability: false, timeouts: {implicit: 0, pageLoad: 300000, script: 30000}, unhandledPromptBehavior: dismiss and notify}&#10;Session ID: ef8fce81badb98a4aa56e4d5ee6e91dc&#10;*** Element info: {Using=xpath, value=//*[@class=&apos;md-select-menu-container md-active md-clickable&apos;]//*[contains(text(), &apos;Free: Debian, CentOS, CoreOS, Ubuntu, or other User Provided OS&apos;)]}" type="org.openqa.selenium.NoSuchElementException">org.openqa.selenium.NoSuchElementException: 
no such element: Unable to locate element: {"method":"xpath","selector":"//*[@class='md-select-menu-container md-active md-clickable']//*[contains(text(), 'Free: Debian, CentOS, CoreOS, Ubuntu, or other User Provided OS')]"}
  (Session info: chrome=80.0.3987.149)
For documentation on this error, please visit: https://www.seleniumhq.org/exceptions/no_such_element.html
Build info: version: '3.141.59', revision: 'e82be7d358', time: '2018-11-14T08:17:03'
System info: host: 'DESKTOP-KATERIN', ip: '192.168.56.1', os.name: 'Windows 10', os.arch: 'amd64', os.version: '10.0', java.version: '1.8.0_212'
Driver info: org.openqa.selenium.chrome.ChromeDriver
Capabilities {acceptInsecureCerts: false, browserName: chrome, browserVersion: 80.0.3987.149, chrome: {chromedriverVersion: 80.0.3987.106 (f68069574609..., userDataDir: C:\Users\37529\AppData\Loca...}, goog:chromeOptions: {debuggerAddress: localhost:61273}, javascriptEnabled: true, networkConnectionEnabled: false, pageLoadStrategy: normal, platform: WINDOWS, platformName: WINDOWS, proxy: Proxy(), setWindowRect: true, strictFileInteractability: false, timeouts: {implicit: 0, pageLoad: 300000, script: 30000}, unhandledPromptBehavior: dismiss and notify}
Session ID: ef8fce81badb98a4aa56e4d5ee6e91dc
*** Element info: {Using=xpath, value=//*[@class='md-select-menu-container md-active md-clickable']//*[contains(text(), 'Free: Debian, CentOS, CoreOS, Ubuntu, or other User Provided OS')]}
	at tests.HardcoreTest.fillCalculatorSendEmailAndCheckSum(HardcoreTest.java:25)
</failure>
    <system-out><![CDATA[2020-03-23 09:54:19,751 INFO  [main] pageobject.CalculatorPage.activateComputeEngine(CalculatorPage.java:61) Frame was activated
]]></system-out>
    <system-err><![CDATA[SLF4J: Failed to load class "org.slf4j.impl.StaticLoggerBinder".
SLF4J: Defaulting to no-operation (NOP) logger implementation
SLF4J: See http://www.slf4j.org/codes.html#StaticLoggerBinder for further details.
Starting ChromeDriver 80.0.3987.106 (f68069574609230cf9b635cd784cfb1bf81bb53a-refs/branch-heads/3987@{#882}) on port 17366
Only local connections are allowed.
Please protect ports used by ChromeDriver and related test frameworks to prevent access by malicious code.
[1584946431.134][WARNING]: Timed out connecting to Chrome, retrying...
мар 23, 2020 9:53:53 AM org.openqa.selenium.remote.ProtocolHandshake createSession
INFO: Detected dialect: W3C
[1584946435.260][WARNING]: Timed out connecting to Chrome, retrying...
[1584946439.187][SEVERE]: Timed out receiving message from renderer: 0.100
[1584946439.288][SEVERE]: Timed out receiving message from renderer: 0.100
[1584946440.028][SEVERE]: Timed out receiving message from renderer: 0.100
[1584946440.132][SEVERE]: Timed out receiving message from renderer: 0.100
[1584946440.399][SEVERE]: Timed out receiving message from renderer: 0.100
[1584946440.814][SEVERE]: Timed out receiving message from renderer: 0.100
[1584946441.034][SEVERE]: Timed out receiving message from renderer: 0.100
[1584946441.283][SEVERE]: Timed out receiving message from renderer: 0.100
[1584946441.387][SEVERE]: Timed out receiving message from renderer: 0.100
[1584946441.489][SEVERE]: Timed out receiving message from renderer: 0.100
[1584946441.591][SEVERE]: Timed out receiving message from renderer: 0.100
[1584946448.839][SEVERE]: Timed out receiving message from renderer: 0.100
[1584946448.992][SEVERE]: Timed out receiving message from renderer: 0.100
[1584946449.791][SEVERE]: Timed out receiving message from renderer: 0.100
[1584946449.894][SEVERE]: Timed out receiving message from renderer: 0.100
[1584946449.998][SEVERE]: Timed out receiving message from renderer: 0.100
[1584946450.203][SEVERE]: Timed out receiving message from renderer: 0.100
[1584946450.310][SEVERE]: Timed out receiving message from renderer: 0.100
[1584946450.414][SEVERE]: Timed out receiving message from renderer: 0.100
[1584946450.519][SEVERE]: Timed out receiving message from renderer: 0.100
[1584946450.653][SEVERE]: Timed out receiving message from renderer: 0.100
[1584946450.758][SEVERE]: Timed out receiving message from renderer: 0.100
[1584946450.864][SEVERE]: Timed out receiving message from renderer: 0.100
[1584946450.966][SEVERE]: Timed out receiving message from renderer: 0.100
[1584946451.069][SEVERE]: Timed out receiving message from renderer: 0.100
[1584946451.173][SEVERE]: Timed out receiving message from renderer: 0.100
[1584946451.279][SEVERE]: Timed out receiving message from renderer: 0.100
[1584946451.478][SEVERE]: Timed out receiving message from renderer: 0.100
[1584946451.583][SEVERE]: Timed out receiving message from renderer: 0.100
[1584946451.685][SEVERE]: Timed out receiving message from renderer: 0.100
[1584946451.790][SEVERE]: Timed out receiving message from renderer: 0.100
[1584946451.896][SEVERE]: Timed out receiving message from renderer: 0.100
[1584946452.000][SEVERE]: Timed out receiving message from renderer: 0.100
[1584946452.105][SEVERE]: Timed out receiving message from renderer: 0.100
[1584946452.228][SEVERE]: Timed out receiving message from renderer: 0.100
[1584946452.332][SEVERE]: Timed out receiving message from renderer: 0.100
[1584946452.438][SEVERE]: Timed out receiving message from renderer: 0.100
[1584946453.610][SEVERE]: Timed out receiving message from renderer: 0.100
[1584946453.735][SEVERE]: Timed out receiving message from renderer: 0.100
[1584946453.837][SEVERE]: Timed out receiving message from renderer: 0.100
[1584946453.939][SEVERE]: Timed out receiving message from renderer: 0.100
[1584946454.041][SEVERE]: Timed out receiving message from renderer: 0.100
[1584946454.144][SEVERE]: Timed out receiving message from renderer: 0.100
[1584946454.249][SEVERE]: Timed out receiving message from renderer: 0.100
[1584946454.447][SEVERE]: Timed out receiving message from renderer: 0.100
[1584946454.548][SEVERE]: Timed out receiving message from renderer: 0.100
[1584946454.653][SEVERE]: Timed out receiving message from renderer: 0.100
[1584946454.756][SEVERE]: Timed out receiving message from renderer: 0.100
[1584946454.860][SEVERE]: Timed out receiving message from renderer: 0.100
[1584946455.043][SEVERE]: Timed out receiving message from renderer: 0.100
[1584946455.144][SEVERE]: Timed out receiving message from renderer: 0.100
]]></system-err>
  </testcase>
  <testcase name="openCalculatorPage" classname="tests.OpenCalculatorPageTest" time="20.769"/>
</testsuite>