<?xml version="1.0" encoding="UTF-8"?>
<testng-results skipped="0" failed="1" ignored="0" total="2" passed="1">
  <reporter-output>
  </reporter-output>
  <suite name="All tests" duration-ms="69359" started-at="2020-03-23T09:53:44 MSK" finished-at="2020-03-23T09:54:53 MSK">
    <groups>
    </groups>
    <test name="All tests" duration-ms="69359" started-at="2020-03-23T09:53:44 MSK" finished-at="2020-03-23T09:54:53 MSK">
      <class name="tests.OpenCalculatorPageTest">
        <test-method status="PASS" signature="createDriver()[pri:0, instance:tests.OpenCalculatorPageTest@55d56113]" name="createDriver" is-config="true" duration-ms="9850" started-at="2020-03-23T09:54:22 MSK" finished-at="2020-03-23T09:54:32 MSK">
          <reporter-output>
          </reporter-output>
        </test-method> <!-- createDriver -->
        <test-method status="PASS" signature="openCalculatorPage()[pri:0, instance:tests.OpenCalculatorPageTest@55d56113]" name="openCalculatorPage" duration-ms="20769" started-at="2020-03-23T09:54:32 MSK" finished-at="2020-03-23T09:54:52 MSK">
          <reporter-output>
          </reporter-output>
        </test-method> <!-- openCalculatorPage -->
        <test-method status="PASS" signature="closeDriver()[pri:0, instance:tests.OpenCalculatorPageTest@55d56113]" name="closeDriver" is-config="true" duration-ms="1042" started-at="2020-03-23T09:54:52 MSK" finished-at="2020-03-23T09:54:53 MSK">
          <reporter-output>
          </reporter-output>
        </test-method> <!-- closeDriver -->
      </class> <!-- tests.OpenCalculatorPageTest -->
      <class name="tests.HardcoreTest">
        <test-method status="PASS" signature="createDriver()[pri:0, instance:tests.HardcoreTest@64bf3bbf]" name="createDriver" is-config="true" duration-ms="12718" started-at="2020-03-23T09:53:44 MSK" finished-at="2020-03-23T09:53:57 MSK">
          <reporter-output>
          </reporter-output>
        </test-method> <!-- createDriver -->
        <test-method status="FAIL" signature="fillCalculatorSendEmailAndCheckSum()[pri:0, instance:tests.HardcoreTest@64bf3bbf]" name="fillCalculatorSendEmailAndCheckSum" duration-ms="23345" started-at="2020-03-23T09:53:57 MSK" finished-at="2020-03-23T09:54:20 MSK">
          <exception class="org.openqa.selenium.NoSuchElementException">
            <message>
              <![CDATA[no such element: Unable to locate element: {"method":"xpath","selector":"//*[@class='md-select-menu-container md-active md-clickable']//*[contains(text(), 'Free: Debian, CentOS, CoreOS, Ubuntu, or other User Provided OS')]"}
  (Session info: chrome=80.0.3987.149)
For documentation on this error, please visit: https://www.seleniumhq.org/exceptions/no_such_element.html
Build info: version: '3.141.59', revision: 'e82be7d358', time: '2018-11-14T08:17:03'
System info: host: 'DESKTOP-KATERIN', ip: '192.168.56.1', os.name: 'Windows 10', os.arch: 'amd64', os.version: '10.0', java.version: '1.8.0_212'
Driver info: org.openqa.selenium.chrome.ChromeDriver
Capabilities {acceptInsecureCerts: false, browserName: chrome, browserVersion: 80.0.3987.149, chrome: {chromedriverVersion: 80.0.3987.106 (f68069574609..., userDataDir: C:\Users\37529\AppData\Loca...}, goog:chromeOptions: {debuggerAddress: localhost:61273}, javascriptEnabled: true, networkConnectionEnabled: false, pageLoadStrategy: normal, platform: WINDOWS, platformName: WINDOWS, proxy: Proxy(), setWindowRect: true, strictFileInteractability: false, timeouts: {implicit: 0, pageLoad: 300000, script: 30000}, unhandledPromptBehavior: dismiss and notify}
Session ID: ef8fce81badb98a4aa56e4d5ee6e91dc
*** Element info: {Using=xpath, value=//*[@class='md-select-menu-container md-active md-clickable']//*[contains(text(), 'Free: Debian, CentOS, CoreOS, Ubuntu, or other User Provided OS')]}]]>
            </message>
            <full-stacktrace>
              <![CDATA[org.openqa.selenium.NoSuchElementException: no such element: Unable to locate element: {"method":"xpath","selector":"//*[@class='md-select-menu-container md-active md-clickable']//*[contains(text(), 'Free: Debian, CentOS, CoreOS, Ubuntu, or other User Provided OS')]"}
  (Session info: chrome=80.0.3987.149)
For documentation on this error, please visit: https://www.seleniumhq.org/exceptions/no_such_element.html
Build info: version: '3.141.59', revision: 'e82be7d358', time: '2018-11-14T08:17:03'
System info: host: 'DESKTOP-KATERIN', ip: '192.168.56.1', os.name: 'Windows 10', os.arch: 'amd64', os.version: '10.0', java.version: '1.8.0_212'
Driver info: org.openqa.selenium.chrome.ChromeDriver
Capabilities {acceptInsecureCerts: false, browserName: chrome, browserVersion: 80.0.3987.149, chrome: {chromedriverVersion: 80.0.3987.106 (f68069574609..., userDataDir: C:\Users\37529\AppData\Loca...}, goog:chromeOptions: {debuggerAddress: localhost:61273}, javascriptEnabled: true, networkConnectionEnabled: false, pageLoadStrategy: normal, platform: WINDOWS, platformName: WINDOWS, proxy: Proxy(), setWindowRect: true, strictFileInteractability: false, timeouts: {implicit: 0, pageLoad: 300000, script: 30000}, unhandledPromptBehavior: dismiss and notify}
Session ID: ef8fce81badb98a4aa56e4d5ee6e91dc
*** Element info: {Using=xpath, value=//*[@class='md-select-menu-container md-active md-clickable']//*[contains(text(), 'Free: Debian, CentOS, CoreOS, Ubuntu, or other User Provided OS')]}
at sun.reflect.NativeConstructorAccessorImpl.newInstance0(Native Method)
at sun.reflect.NativeConstructorAccessorImpl.newInstance(NativeConstructorAccessorImpl.java:62)
at sun.reflect.DelegatingConstructorAccessorImpl.newInstance(DelegatingConstructorAccessorImpl.java:45)
at java.lang.reflect.Constructor.newInstance(Constructor.java:423)
at org.openqa.selenium.remote.http.W3CHttpResponseCodec.createException(W3CHttpResponseCodec.java:187)
at org.openqa.selenium.remote.http.W3CHttpResponseCodec.decode(W3CHttpResponseCodec.java:122)
at org.openqa.selenium.remote.http.W3CHttpResponseCodec.decode(W3CHttpResponseCodec.java:49)
at org.openqa.selenium.remote.HttpCommandExecutor.execute(HttpCommandExecutor.java:158)
at org.openqa.selenium.remote.service.DriverCommandExecutor.execute(DriverCommandExecutor.java:83)
at org.openqa.selenium.remote.RemoteWebDriver.execute(RemoteWebDriver.java:552)
at org.openqa.selenium.remote.RemoteWebDriver.findElement(RemoteWebDriver.java:323)
at org.openqa.selenium.remote.RemoteWebDriver.findElementByXPath(RemoteWebDriver.java:428)
at org.openqa.selenium.By$ByXPath.findElement(By.java:353)
at org.openqa.selenium.remote.RemoteWebDriver.findElement(RemoteWebDriver.java:315)
at pageobject.CalculatorPage.chooseSoftware(CalculatorPage.java:85)
at pageobject.CalculatorPage.createNewEngine(CalculatorPage.java:181)
at tests.HardcoreTest.fillCalculatorSendEmailAndCheckSum(HardcoreTest.java:25)
at sun.reflect.NativeMethodAccessorImpl.invoke0(Native Method)
at sun.reflect.NativeMethodAccessorImpl.invoke(NativeMethodAccessorImpl.java:62)
at sun.reflect.DelegatingMethodAccessorImpl.invoke(DelegatingMethodAccessorImpl.java:43)
at java.lang.reflect.Method.invoke(Method.java:498)
at org.testng.internal.MethodInvocationHelper.invokeMethod(MethodInvocationHelper.java:134)
at org.testng.internal.TestInvoker.invokeMethod(TestInvoker.java:597)
at org.testng.internal.TestInvoker.invokeTestMethod(TestInvoker.java:173)
at org.testng.internal.MethodRunner.runInSequence(MethodRunner.java:46)
at org.testng.internal.TestInvoker$MethodInvocationAgent.invoke(TestInvoker.java:816)
at org.testng.internal.TestInvoker.invokeTestMethods(TestInvoker.java:146)
at org.testng.internal.TestMethodWorker.invokeTestMethods(TestMethodWorker.java:146)
at org.testng.internal.TestMethodWorker.run(TestMethodWorker.java:128)
at java.util.ArrayList.forEach(ArrayList.java:1257)
at org.testng.TestRunner.privateRun(TestRunner.java:766)
at org.testng.TestRunner.run(TestRunner.java:587)
at org.testng.SuiteRunner.runTest(SuiteRunner.java:384)
at org.testng.SuiteRunner.runSequentially(SuiteRunner.java:378)
at org.testng.SuiteRunner.privateRun(SuiteRunner.java:337)
at org.testng.SuiteRunner.run(SuiteRunner.java:286)
at org.testng.SuiteRunnerWorker.runSuite(SuiteRunnerWorker.java:53)
at org.testng.SuiteRunnerWorker.run(SuiteRunnerWorker.java:96)
at org.testng.TestNG.runSuitesSequentially(TestNG.java:1187)
at org.testng.TestNG.runSuitesLocally(TestNG.java:1109)
at org.testng.TestNG.runSuites(TestNG.java:1039)
at org.testng.TestNG.run(TestNG.java:1007)
at org.apache.maven.surefire.testng.TestNGExecutor.run(TestNGExecutor.java:283)
at org.apache.maven.surefire.testng.TestNGXmlTestSuite.execute(TestNGXmlTestSuite.java:75)
at org.apache.maven.surefire.testng.TestNGProvider.invoke(TestNGProvider.java:120)
at org.apache.maven.surefire.booter.ForkedBooter.invokeProviderInSameClassLoader(ForkedBooter.java:384)
at org.apache.maven.surefire.booter.ForkedBooter.runSuitesInProcess(ForkedBooter.java:345)
at org.apache.maven.surefire.booter.ForkedBooter.execute(ForkedBooter.java:126)
at org.apache.maven.surefire.booter.ForkedBooter.main(ForkedBooter.java:418)
]]>
            </full-stacktrace>
          </exception> <!-- org.openqa.selenium.NoSuchElementException -->
          <reporter-output>
          </reporter-output>
        </test-method> <!-- fillCalculatorSendEmailAndCheckSum -->
        <test-method status="PASS" signature="closeDriver()[pri:0, instance:tests.HardcoreTest@64bf3bbf]" name="closeDriver" is-config="true" duration-ms="959" started-at="2020-03-23T09:54:21 MSK" finished-at="2020-03-23T09:54:22 MSK">
          <reporter-output>
          </reporter-output>
        </test-method> <!-- closeDriver -->
      </class> <!-- tests.HardcoreTest -->
    </test> <!-- All tests -->
  </suite> <!-- All tests -->
</testng-results>
